Performing C SOURCE FILE Test HAVE_GCC_PREFERRED_STACK_BOUNDARY failed with the following output:
Change Dir: /home/francesco/Desktop/TheTest/build/CMakeFiles/CMakeTmp

Run Build Command(s):/usr/bin/gmake -f Makefile cmTC_1878a/fast && /usr/bin/gmake  -f CMakeFiles/cmTC_1878a.dir/build.make CMakeFiles/cmTC_1878a.dir/build
gmake[1]: Entering directory '/home/francesco/Desktop/TheTest/build/CMakeFiles/CMakeTmp'
Building C object CMakeFiles/cmTC_1878a.dir/src.c.o
/usr/bin/gcc-12 -DHAVE_GCC_PREFERRED_STACK_BOUNDARY  -idirafter "/home/francesco/Desktop/TheTest/build/_deps/sdl2-src/src/video/khronos" -mpreferred-stack-boundary=2 -o CMakeFiles/cmTC_1878a.dir/src.c.o -c /home/francesco/Desktop/TheTest/build/CMakeFiles/CMakeTmp/src.c
cc1: error: ‘-mpreferred-stack-boundary=2’ is not between 3 and 12
gmake[1]: *** [CMakeFiles/cmTC_1878a.dir/build.make:78: CMakeFiles/cmTC_1878a.dir/src.c.o] Error 1
gmake[1]: Leaving directory '/home/francesco/Desktop/TheTest/build/CMakeFiles/CMakeTmp'
gmake: *** [Makefile:127: cmTC_1878a/fast] Error 2


Source file was:
int x = 0; int main(int argc, char **argv) { return 0; }
Performing C SOURCE FILE Test HAVE_ALTIVEC_H_HDR failed with the following output:
Change Dir: /home/francesco/Desktop/TheTest/build/CMakeFiles/CMakeTmp

Run Build Command(s):/usr/bin/gmake -f Makefile cmTC_c046b/fast && /usr/bin/gmake  -f CMakeFiles/cmTC_c046b.dir/build.make CMakeFiles/cmTC_c046b.dir/build
gmake[1]: Entering directory '/home/francesco/Desktop/TheTest/build/CMakeFiles/CMakeTmp'
Building C object CMakeFiles/cmTC_c046b.dir/src.c.o
/usr/bin/gcc-12 -DHAVE_ALTIVEC_H_HDR  -idirafter "/home/francesco/Desktop/TheTest/build/_deps/sdl2-src/src/video/khronos" -maltivec -o CMakeFiles/cmTC_c046b.dir/src.c.o -c /home/francesco/Desktop/TheTest/build/CMakeFiles/CMakeTmp/src.c
gcc-12: error: unrecognized command-line option ‘-maltivec’
gmake[1]: *** [CMakeFiles/cmTC_c046b.dir/build.make:78: CMakeFiles/cmTC_c046b.dir/src.c.o] Error 1
gmake[1]: Leaving directory '/home/francesco/Desktop/TheTest/build/CMakeFiles/CMakeTmp'
gmake: *** [Makefile:127: cmTC_c046b/fast] Error 2


Source file was:

          #include <altivec.h>
          vector unsigned int vzero() {
              return vec_splat_u32(0);
          }
          int main(int argc, char **argv) { return 0; }
Performing C SOURCE FILE Test HAVE_ALTIVEC failed with the following output:
Change Dir: /home/francesco/Desktop/TheTest/build/CMakeFiles/CMakeTmp

Run Build Command(s):/usr/bin/gmake -f Makefile cmTC_18e31/fast && /usr/bin/gmake  -f CMakeFiles/cmTC_18e31.dir/build.make CMakeFiles/cmTC_18e31.dir/build
gmake[1]: Entering directory '/home/francesco/Desktop/TheTest/build/CMakeFiles/CMakeTmp'
Building C object CMakeFiles/cmTC_18e31.dir/src.c.o
/usr/bin/gcc-12 -DHAVE_ALTIVEC  -idirafter "/home/francesco/Desktop/TheTest/build/_deps/sdl2-src/src/video/khronos" -maltivec -o CMakeFiles/cmTC_18e31.dir/src.c.o -c /home/francesco/Desktop/TheTest/build/CMakeFiles/CMakeTmp/src.c
gcc-12: error: unrecognized command-line option ‘-maltivec’
gmake[1]: *** [CMakeFiles/cmTC_18e31.dir/build.make:78: CMakeFiles/cmTC_18e31.dir/src.c.o] Error 1
gmake[1]: Leaving directory '/home/francesco/Desktop/TheTest/build/CMakeFiles/CMakeTmp'
gmake: *** [Makefile:127: cmTC_18e31/fast] Error 2


Source file was:

          vector unsigned int vzero() {
              return vec_splat_u32(0);
          }
          int main(int argc, char **argv) { return 0; }
Determining if the include file libunwind.h exists failed with the following output:
Change Dir: /home/francesco/Desktop/TheTest/build/CMakeFiles/CMakeTmp

Run Build Command(s):/usr/bin/gmake -f Makefile cmTC_ecfdb/fast && /usr/bin/gmake  -f CMakeFiles/cmTC_ecfdb.dir/build.make CMakeFiles/cmTC_ecfdb.dir/build
gmake[1]: Entering directory '/home/francesco/Desktop/TheTest/build/CMakeFiles/CMakeTmp'
Building C object CMakeFiles/cmTC_ecfdb.dir/CheckIncludeFile.c.o
/usr/bin/gcc-12   -idirafter "/home/francesco/Desktop/TheTest/build/_deps/sdl2-src/src/video/khronos"  -D_GNU_SOURCE=1 -o CMakeFiles/cmTC_ecfdb.dir/CheckIncludeFile.c.o -c /home/francesco/Desktop/TheTest/build/CMakeFiles/CMakeTmp/CheckIncludeFile.c
/home/francesco/Desktop/TheTest/build/CMakeFiles/CMakeTmp/CheckIncludeFile.c:1:10: fatal error: libunwind.h: No such file or directory
    1 | #include <libunwind.h>
      |          ^~~~~~~~~~~~~
compilation terminated.
gmake[1]: *** [CMakeFiles/cmTC_ecfdb.dir/build.make:78: CMakeFiles/cmTC_ecfdb.dir/CheckIncludeFile.c.o] Error 1
gmake[1]: Leaving directory '/home/francesco/Desktop/TheTest/build/CMakeFiles/CMakeTmp'
gmake: *** [Makefile:127: cmTC_ecfdb/fast] Error 2



Determining if the strlcpy exist failed with the following output:
Change Dir: /home/francesco/Desktop/TheTest/build/CMakeFiles/CMakeTmp

Run Build Command(s):/usr/bin/gmake -f Makefile cmTC_3f7a0/fast && /usr/bin/gmake  -f CMakeFiles/cmTC_3f7a0.dir/build.make CMakeFiles/cmTC_3f7a0.dir/build
gmake[1]: Entering directory '/home/francesco/Desktop/TheTest/build/CMakeFiles/CMakeTmp'
Building C object CMakeFiles/cmTC_3f7a0.dir/CheckSymbolExists.c.o
/usr/bin/gcc-12   -idirafter "/home/francesco/Desktop/TheTest/build/_deps/sdl2-src/src/video/khronos"  -D_GNU_SOURCE=1 -o CMakeFiles/cmTC_3f7a0.dir/CheckSymbolExists.c.o -c /home/francesco/Desktop/TheTest/build/CMakeFiles/CMakeTmp/CheckSymbolExists.c
/home/francesco/Desktop/TheTest/build/CMakeFiles/CMakeTmp/CheckSymbolExists.c: In function ‘main’:
/home/francesco/Desktop/TheTest/build/CMakeFiles/CMakeTmp/CheckSymbolExists.c:14:19: error: ‘strlcpy’ undeclared (first use in this function); did you mean ‘strncpy’?
   14 |   return ((int*)(&strlcpy))[argc];
      |                   ^~~~~~~
      |                   strncpy
/home/francesco/Desktop/TheTest/build/CMakeFiles/CMakeTmp/CheckSymbolExists.c:14:19: note: each undeclared identifier is reported only once for each function it appears in
gmake[1]: *** [CMakeFiles/cmTC_3f7a0.dir/build.make:78: CMakeFiles/cmTC_3f7a0.dir/CheckSymbolExists.c.o] Error 1
gmake[1]: Leaving directory '/home/francesco/Desktop/TheTest/build/CMakeFiles/CMakeTmp'
gmake: *** [Makefile:127: cmTC_3f7a0/fast] Error 2


File /home/francesco/Desktop/TheTest/build/CMakeFiles/CMakeTmp/CheckSymbolExists.c:
/* */
#include <stddef.h>
#include <stdarg.h>
#include <stdlib.h>
#include <string.h>
#include <stdio.h>
#include <wchar.h>
#include <float.h>

int main(int argc, char** argv)
{
  (void)argv;
#ifndef strlcpy
  return ((int*)(&strlcpy))[argc];
#else
  (void)argc;
  return 0;
#endif
}
Determining if the strlcat exist failed with the following output:
Change Dir: /home/francesco/Desktop/TheTest/build/CMakeFiles/CMakeTmp

Run Build Command(s):/usr/bin/gmake -f Makefile cmTC_a4a72/fast && /usr/bin/gmake  -f CMakeFiles/cmTC_a4a72.dir/build.make CMakeFiles/cmTC_a4a72.dir/build
gmake[1]: Entering directory '/home/francesco/Desktop/TheTest/build/CMakeFiles/CMakeTmp'
Building C object CMakeFiles/cmTC_a4a72.dir/CheckSymbolExists.c.o
/usr/bin/gcc-12   -idirafter "/home/francesco/Desktop/TheTest/build/_deps/sdl2-src/src/video/khronos"  -D_GNU_SOURCE=1 -o CMakeFiles/cmTC_a4a72.dir/CheckSymbolExists.c.o -c /home/francesco/Desktop/TheTest/build/CMakeFiles/CMakeTmp/CheckSymbolExists.c
/home/francesco/Desktop/TheTest/build/CMakeFiles/CMakeTmp/CheckSymbolExists.c: In function ‘main’:
/home/francesco/Desktop/TheTest/build/CMakeFiles/CMakeTmp/CheckSymbolExists.c:14:19: error: ‘strlcat’ undeclared (first use in this function); did you mean ‘strncat’?
   14 |   return ((int*)(&strlcat))[argc];
      |                   ^~~~~~~
      |                   strncat
/home/francesco/Desktop/TheTest/build/CMakeFiles/CMakeTmp/CheckSymbolExists.c:14:19: note: each undeclared identifier is reported only once for each function it appears in
gmake[1]: *** [CMakeFiles/cmTC_a4a72.dir/build.make:78: CMakeFiles/cmTC_a4a72.dir/CheckSymbolExists.c.o] Error 1
gmake[1]: Leaving directory '/home/francesco/Desktop/TheTest/build/CMakeFiles/CMakeTmp'
gmake: *** [Makefile:127: cmTC_a4a72/fast] Error 2


File /home/francesco/Desktop/TheTest/build/CMakeFiles/CMakeTmp/CheckSymbolExists.c:
/* */
#include <stddef.h>
#include <stdarg.h>
#include <stdlib.h>
#include <string.h>
#include <stdio.h>
#include <wchar.h>
#include <float.h>

int main(int argc, char** argv)
{
  (void)argv;
#ifndef strlcat
  return ((int*)(&strlcat))[argc];
#else
  (void)argc;
  return 0;
#endif
}
Determining if the _strrev exist failed with the following output:
Change Dir: /home/francesco/Desktop/TheTest/build/CMakeFiles/CMakeTmp

Run Build Command(s):/usr/bin/gmake -f Makefile cmTC_8901c/fast && /usr/bin/gmake  -f CMakeFiles/cmTC_8901c.dir/build.make CMakeFiles/cmTC_8901c.dir/build
gmake[1]: Entering directory '/home/francesco/Desktop/TheTest/build/CMakeFiles/CMakeTmp'
Building C object CMakeFiles/cmTC_8901c.dir/CheckSymbolExists.c.o
/usr/bin/gcc-12   -idirafter "/home/francesco/Desktop/TheTest/build/_deps/sdl2-src/src/video/khronos"  -D_GNU_SOURCE=1 -o CMakeFiles/cmTC_8901c.dir/CheckSymbolExists.c.o -c /home/francesco/Desktop/TheTest/build/CMakeFiles/CMakeTmp/CheckSymbolExists.c
/home/francesco/Desktop/TheTest/build/CMakeFiles/CMakeTmp/CheckSymbolExists.c: In function ‘main’:
/home/francesco/Desktop/TheTest/build/CMakeFiles/CMakeTmp/CheckSymbolExists.c:14:19: error: ‘_strrev’ undeclared (first use in this function)
   14 |   return ((int*)(&_strrev))[argc];
      |                   ^~~~~~~
/home/francesco/Desktop/TheTest/build/CMakeFiles/CMakeTmp/CheckSymbolExists.c:14:19: note: each undeclared identifier is reported only once for each function it appears in
gmake[1]: *** [CMakeFiles/cmTC_8901c.dir/build.make:78: CMakeFiles/cmTC_8901c.dir/CheckSymbolExists.c.o] Error 1
gmake[1]: Leaving directory '/home/francesco/Desktop/TheTest/build/CMakeFiles/CMakeTmp'
gmake: *** [Makefile:127: cmTC_8901c/fast] Error 2


File /home/francesco/Desktop/TheTest/build/CMakeFiles/CMakeTmp/CheckSymbolExists.c:
/* */
#include <stddef.h>
#include <stdarg.h>
#include <stdlib.h>
#include <string.h>
#include <stdio.h>
#include <wchar.h>
#include <float.h>

int main(int argc, char** argv)
{
  (void)argv;
#ifndef _strrev
  return ((int*)(&_strrev))[argc];
#else
  (void)argc;
  return 0;
#endif
}
Determining if the _strupr exist failed with the following output:
Change Dir: /home/francesco/Desktop/TheTest/build/CMakeFiles/CMakeTmp

Run Build Command(s):/usr/bin/gmake -f Makefile cmTC_8179f/fast && /usr/bin/gmake  -f CMakeFiles/cmTC_8179f.dir/build.make CMakeFiles/cmTC_8179f.dir/build
gmake[1]: Entering directory '/home/francesco/Desktop/TheTest/build/CMakeFiles/CMakeTmp'
Building C object CMakeFiles/cmTC_8179f.dir/CheckSymbolExists.c.o
/usr/bin/gcc-12   -idirafter "/home/francesco/Desktop/TheTest/build/_deps/sdl2-src/src/video/khronos"  -D_GNU_SOURCE=1 -o CMakeFiles/cmTC_8179f.dir/CheckSymbolExists.c.o -c /home/francesco/Desktop/TheTest/build/CMakeFiles/CMakeTmp/CheckSymbolExists.c
/home/francesco/Desktop/TheTest/build/CMakeFiles/CMakeTmp/CheckSymbolExists.c: In function ‘main’:
/home/francesco/Desktop/TheTest/build/CMakeFiles/CMakeTmp/CheckSymbolExists.c:14:19: error: ‘_strupr’ undeclared (first use in this function)
   14 |   return ((int*)(&_strupr))[argc];
      |                   ^~~~~~~
/home/francesco/Desktop/TheTest/build/CMakeFiles/CMakeTmp/CheckSymbolExists.c:14:19: note: each undeclared identifier is reported only once for each function it appears in
gmake[1]: *** [CMakeFiles/cmTC_8179f.dir/build.make:78: CMakeFiles/cmTC_8179f.dir/CheckSymbolExists.c.o] Error 1
gmake[1]: Leaving directory '/home/francesco/Desktop/TheTest/build/CMakeFiles/CMakeTmp'
gmake: *** [Makefile:127: cmTC_8179f/fast] Error 2


File /home/francesco/Desktop/TheTest/build/CMakeFiles/CMakeTmp/CheckSymbolExists.c:
/* */
#include <stddef.h>
#include <stdarg.h>
#include <stdlib.h>
#include <string.h>
#include <stdio.h>
#include <wchar.h>
#include <float.h>

int main(int argc, char** argv)
{
  (void)argv;
#ifndef _strupr
  return ((int*)(&_strupr))[argc];
#else
  (void)argc;
  return 0;
#endif
}
Determining if the _strlwr exist failed with the following output:
Change Dir: /home/francesco/Desktop/TheTest/build/CMakeFiles/CMakeTmp

Run Build Command(s):/usr/bin/gmake -f Makefile cmTC_61691/fast && /usr/bin/gmake  -f CMakeFiles/cmTC_61691.dir/build.make CMakeFiles/cmTC_61691.dir/build
gmake[1]: Entering directory '/home/francesco/Desktop/TheTest/build/CMakeFiles/CMakeTmp'
Building C object CMakeFiles/cmTC_61691.dir/CheckSymbolExists.c.o
/usr/bin/gcc-12   -idirafter "/home/francesco/Desktop/TheTest/build/_deps/sdl2-src/src/video/khronos"  -D_GNU_SOURCE=1 -o CMakeFiles/cmTC_61691.dir/CheckSymbolExists.c.o -c /home/francesco/Desktop/TheTest/build/CMakeFiles/CMakeTmp/CheckSymbolExists.c
/home/francesco/Desktop/TheTest/build/CMakeFiles/CMakeTmp/CheckSymbolExists.c: In function ‘main’:
/home/francesco/Desktop/TheTest/build/CMakeFiles/CMakeTmp/CheckSymbolExists.c:14:19: error: ‘_strlwr’ undeclared (first use in this function)
   14 |   return ((int*)(&_strlwr))[argc];
      |                   ^~~~~~~
/home/francesco/Desktop/TheTest/build/CMakeFiles/CMakeTmp/CheckSymbolExists.c:14:19: note: each undeclared identifier is reported only once for each function it appears in
gmake[1]: *** [CMakeFiles/cmTC_61691.dir/build.make:78: CMakeFiles/cmTC_61691.dir/CheckSymbolExists.c.o] Error 1
gmake[1]: Leaving directory '/home/francesco/Desktop/TheTest/build/CMakeFiles/CMakeTmp'
gmake: *** [Makefile:127: cmTC_61691/fast] Error 2


File /home/francesco/Desktop/TheTest/build/CMakeFiles/CMakeTmp/CheckSymbolExists.c:
/* */
#include <stddef.h>
#include <stdarg.h>
#include <stdlib.h>
#include <string.h>
#include <stdio.h>
#include <wchar.h>
#include <float.h>

int main(int argc, char** argv)
{
  (void)argv;
#ifndef _strlwr
  return ((int*)(&_strlwr))[argc];
#else
  (void)argc;
  return 0;
#endif
}
Determining if the itoa exist failed with the following output:
Change Dir: /home/francesco/Desktop/TheTest/build/CMakeFiles/CMakeTmp

Run Build Command(s):/usr/bin/gmake -f Makefile cmTC_0802d/fast && /usr/bin/gmake  -f CMakeFiles/cmTC_0802d.dir/build.make CMakeFiles/cmTC_0802d.dir/build
gmake[1]: Entering directory '/home/francesco/Desktop/TheTest/build/CMakeFiles/CMakeTmp'
Building C object CMakeFiles/cmTC_0802d.dir/CheckSymbolExists.c.o
/usr/bin/gcc-12   -idirafter "/home/francesco/Desktop/TheTest/build/_deps/sdl2-src/src/video/khronos"  -D_GNU_SOURCE=1 -o CMakeFiles/cmTC_0802d.dir/CheckSymbolExists.c.o -c /home/francesco/Desktop/TheTest/build/CMakeFiles/CMakeTmp/CheckSymbolExists.c
/home/francesco/Desktop/TheTest/build/CMakeFiles/CMakeTmp/CheckSymbolExists.c: In function ‘main’:
/home/francesco/Desktop/TheTest/build/CMakeFiles/CMakeTmp/CheckSymbolExists.c:14:19: error: ‘itoa’ undeclared (first use in this function)
   14 |   return ((int*)(&itoa))[argc];
      |                   ^~~~
/home/francesco/Desktop/TheTest/build/CMakeFiles/CMakeTmp/CheckSymbolExists.c:14:19: note: each undeclared identifier is reported only once for each function it appears in
gmake[1]: *** [CMakeFiles/cmTC_0802d.dir/build.make:78: CMakeFiles/cmTC_0802d.dir/CheckSymbolExists.c.o] Error 1
gmake[1]: Leaving directory '/home/francesco/Desktop/TheTest/build/CMakeFiles/CMakeTmp'
gmake: *** [Makefile:127: cmTC_0802d/fast] Error 2


File /home/francesco/Desktop/TheTest/build/CMakeFiles/CMakeTmp/CheckSymbolExists.c:
/* */
#include <stddef.h>
#include <stdarg.h>
#include <stdlib.h>
#include <string.h>
#include <stdio.h>
#include <wchar.h>
#include <float.h>

int main(int argc, char** argv)
{
  (void)argv;
#ifndef itoa
  return ((int*)(&itoa))[argc];
#else
  (void)argc;
  return 0;
#endif
}
Determining if the _ltoa exist failed with the following output:
Change Dir: /home/francesco/Desktop/TheTest/build/CMakeFiles/CMakeTmp

Run Build Command(s):/usr/bin/gmake -f Makefile cmTC_abc5e/fast && /usr/bin/gmake  -f CMakeFiles/cmTC_abc5e.dir/build.make CMakeFiles/cmTC_abc5e.dir/build
gmake[1]: Entering directory '/home/francesco/Desktop/TheTest/build/CMakeFiles/CMakeTmp'
Building C object CMakeFiles/cmTC_abc5e.dir/CheckSymbolExists.c.o
/usr/bin/gcc-12   -idirafter "/home/francesco/Desktop/TheTest/build/_deps/sdl2-src/src/video/khronos"  -D_GNU_SOURCE=1 -o CMakeFiles/cmTC_abc5e.dir/CheckSymbolExists.c.o -c /home/francesco/Desktop/TheTest/build/CMakeFiles/CMakeTmp/CheckSymbolExists.c
/home/francesco/Desktop/TheTest/build/CMakeFiles/CMakeTmp/CheckSymbolExists.c: In function ‘main’:
/home/francesco/Desktop/TheTest/build/CMakeFiles/CMakeTmp/CheckSymbolExists.c:14:19: error: ‘_ltoa’ undeclared (first use in this function)
   14 |   return ((int*)(&_ltoa))[argc];
      |                   ^~~~~
/home/francesco/Desktop/TheTest/build/CMakeFiles/CMakeTmp/CheckSymbolExists.c:14:19: note: each undeclared identifier is reported only once for each function it appears in
gmake[1]: *** [CMakeFiles/cmTC_abc5e.dir/build.make:78: CMakeFiles/cmTC_abc5e.dir/CheckSymbolExists.c.o] Error 1
gmake[1]: Leaving directory '/home/francesco/Desktop/TheTest/build/CMakeFiles/CMakeTmp'
gmake: *** [Makefile:127: cmTC_abc5e/fast] Error 2


File /home/francesco/Desktop/TheTest/build/CMakeFiles/CMakeTmp/CheckSymbolExists.c:
/* */
#include <stddef.h>
#include <stdarg.h>
#include <stdlib.h>
#include <string.h>
#include <stdio.h>
#include <wchar.h>
#include <float.h>

int main(int argc, char** argv)
{
  (void)argv;
#ifndef _ltoa
  return ((int*)(&_ltoa))[argc];
#else
  (void)argc;
  return 0;
#endif
}
Determining if the _uitoa exist failed with the following output:
Change Dir: /home/francesco/Desktop/TheTest/build/CMakeFiles/CMakeTmp

Run Build Command(s):/usr/bin/gmake -f Makefile cmTC_5364e/fast && /usr/bin/gmake  -f CMakeFiles/cmTC_5364e.dir/build.make CMakeFiles/cmTC_5364e.dir/build
gmake[1]: Entering directory '/home/francesco/Desktop/TheTest/build/CMakeFiles/CMakeTmp'
Building C object CMakeFiles/cmTC_5364e.dir/CheckSymbolExists.c.o
/usr/bin/gcc-12   -idirafter "/home/francesco/Desktop/TheTest/build/_deps/sdl2-src/src/video/khronos"  -D_GNU_SOURCE=1 -o CMakeFiles/cmTC_5364e.dir/CheckSymbolExists.c.o -c /home/francesco/Desktop/TheTest/build/CMakeFiles/CMakeTmp/CheckSymbolExists.c
/home/francesco/Desktop/TheTest/build/CMakeFiles/CMakeTmp/CheckSymbolExists.c: In function ‘main’:
/home/francesco/Desktop/TheTest/build/CMakeFiles/CMakeTmp/CheckSymbolExists.c:14:19: error: ‘_uitoa’ undeclared (first use in this function)
   14 |   return ((int*)(&_uitoa))[argc];
      |                   ^~~~~~
/home/francesco/Desktop/TheTest/build/CMakeFiles/CMakeTmp/CheckSymbolExists.c:14:19: note: each undeclared identifier is reported only once for each function it appears in
gmake[1]: *** [CMakeFiles/cmTC_5364e.dir/build.make:78: CMakeFiles/cmTC_5364e.dir/CheckSymbolExists.c.o] Error 1
gmake[1]: Leaving directory '/home/francesco/Desktop/TheTest/build/CMakeFiles/CMakeTmp'
gmake: *** [Makefile:127: cmTC_5364e/fast] Error 2


File /home/francesco/Desktop/TheTest/build/CMakeFiles/CMakeTmp/CheckSymbolExists.c:
/* */
#include <stddef.h>
#include <stdarg.h>
#include <stdlib.h>
#include <string.h>
#include <stdio.h>
#include <wchar.h>
#include <float.h>

int main(int argc, char** argv)
{
  (void)argv;
#ifndef _uitoa
  return ((int*)(&_uitoa))[argc];
#else
  (void)argc;
  return 0;
#endif
}
Determining if the _ultoa exist failed with the following output:
Change Dir: /home/francesco/Desktop/TheTest/build/CMakeFiles/CMakeTmp

Run Build Command(s):/usr/bin/gmake -f Makefile cmTC_a2a86/fast && /usr/bin/gmake  -f CMakeFiles/cmTC_a2a86.dir/build.make CMakeFiles/cmTC_a2a86.dir/build
gmake[1]: Entering directory '/home/francesco/Desktop/TheTest/build/CMakeFiles/CMakeTmp'
Building C object CMakeFiles/cmTC_a2a86.dir/CheckSymbolExists.c.o
/usr/bin/gcc-12   -idirafter "/home/francesco/Desktop/TheTest/build/_deps/sdl2-src/src/video/khronos"  -D_GNU_SOURCE=1 -o CMakeFiles/cmTC_a2a86.dir/CheckSymbolExists.c.o -c /home/francesco/Desktop/TheTest/build/CMakeFiles/CMakeTmp/CheckSymbolExists.c
/home/francesco/Desktop/TheTest/build/CMakeFiles/CMakeTmp/CheckSymbolExists.c: In function ‘main’:
/home/francesco/Desktop/TheTest/build/CMakeFiles/CMakeTmp/CheckSymbolExists.c:14:19: error: ‘_ultoa’ undeclared (first use in this function)
   14 |   return ((int*)(&_ultoa))[argc];
      |                   ^~~~~~
/home/francesco/Desktop/TheTest/build/CMakeFiles/CMakeTmp/CheckSymbolExists.c:14:19: note: each undeclared identifier is reported only once for each function it appears in
gmake[1]: *** [CMakeFiles/cmTC_a2a86.dir/build.make:78: CMakeFiles/cmTC_a2a86.dir/CheckSymbolExists.c.o] Error 1
gmake[1]: Leaving directory '/home/francesco/Desktop/TheTest/build/CMakeFiles/CMakeTmp'
gmake: *** [Makefile:127: cmTC_a2a86/fast] Error 2


File /home/francesco/Desktop/TheTest/build/CMakeFiles/CMakeTmp/CheckSymbolExists.c:
/* */
#include <stddef.h>
#include <stdarg.h>
#include <stdlib.h>
#include <string.h>
#include <stdio.h>
#include <wchar.h>
#include <float.h>

int main(int argc, char** argv)
{
  (void)argv;
#ifndef _ultoa
  return ((int*)(&_ultoa))[argc];
#else
  (void)argc;
  return 0;
#endif
}
Determining if the _i64toa exist failed with the following output:
Change Dir: /home/francesco/Desktop/TheTest/build/CMakeFiles/CMakeTmp

Run Build Command(s):/usr/bin/gmake -f Makefile cmTC_3ea85/fast && /usr/bin/gmake  -f CMakeFiles/cmTC_3ea85.dir/build.make CMakeFiles/cmTC_3ea85.dir/build
gmake[1]: Entering directory '/home/francesco/Desktop/TheTest/build/CMakeFiles/CMakeTmp'
Building C object CMakeFiles/cmTC_3ea85.dir/CheckSymbolExists.c.o
/usr/bin/gcc-12   -idirafter "/home/francesco/Desktop/TheTest/build/_deps/sdl2-src/src/video/khronos"  -D_GNU_SOURCE=1 -o CMakeFiles/cmTC_3ea85.dir/CheckSymbolExists.c.o -c /home/francesco/Desktop/TheTest/build/CMakeFiles/CMakeTmp/CheckSymbolExists.c
/home/francesco/Desktop/TheTest/build/CMakeFiles/CMakeTmp/CheckSymbolExists.c: In function ‘main’:
/home/francesco/Desktop/TheTest/build/CMakeFiles/CMakeTmp/CheckSymbolExists.c:14:19: error: ‘_i64toa’ undeclared (first use in this function)
   14 |   return ((int*)(&_i64toa))[argc];
      |                   ^~~~~~~
/home/francesco/Desktop/TheTest/build/CMakeFiles/CMakeTmp/CheckSymbolExists.c:14:19: note: each undeclared identifier is reported only once for each function it appears in
gmake[1]: *** [CMakeFiles/cmTC_3ea85.dir/build.make:78: CMakeFiles/cmTC_3ea85.dir/CheckSymbolExists.c.o] Error 1
gmake[1]: Leaving directory '/home/francesco/Desktop/TheTest/build/CMakeFiles/CMakeTmp'
gmake: *** [Makefile:127: cmTC_3ea85/fast] Error 2


File /home/francesco/Desktop/TheTest/build/CMakeFiles/CMakeTmp/CheckSymbolExists.c:
/* */
#include <stddef.h>
#include <stdarg.h>
#include <stdlib.h>
#include <string.h>
#include <stdio.h>
#include <wchar.h>
#include <float.h>

int main(int argc, char** argv)
{
  (void)argv;
#ifndef _i64toa
  return ((int*)(&_i64toa))[argc];
#else
  (void)argc;
  return 0;
#endif
}
Determining if the _ui64toa exist failed with the following output:
Change Dir: /home/francesco/Desktop/TheTest/build/CMakeFiles/CMakeTmp

Run Build Command(s):/usr/bin/gmake -f Makefile cmTC_f96b8/fast && /usr/bin/gmake  -f CMakeFiles/cmTC_f96b8.dir/build.make CMakeFiles/cmTC_f96b8.dir/build
gmake[1]: Entering directory '/home/francesco/Desktop/TheTest/build/CMakeFiles/CMakeTmp'
Building C object CMakeFiles/cmTC_f96b8.dir/CheckSymbolExists.c.o
/usr/bin/gcc-12   -idirafter "/home/francesco/Desktop/TheTest/build/_deps/sdl2-src/src/video/khronos"  -D_GNU_SOURCE=1 -o CMakeFiles/cmTC_f96b8.dir/CheckSymbolExists.c.o -c /home/francesco/Desktop/TheTest/build/CMakeFiles/CMakeTmp/CheckSymbolExists.c
/home/francesco/Desktop/TheTest/build/CMakeFiles/CMakeTmp/CheckSymbolExists.c: In function ‘main’:
/home/francesco/Desktop/TheTest/build/CMakeFiles/CMakeTmp/CheckSymbolExists.c:14:19: error: ‘_ui64toa’ undeclared (first use in this function)
   14 |   return ((int*)(&_ui64toa))[argc];
      |                   ^~~~~~~~
/home/francesco/Desktop/TheTest/build/CMakeFiles/CMakeTmp/CheckSymbolExists.c:14:19: note: each undeclared identifier is reported only once for each function it appears in
gmake[1]: *** [CMakeFiles/cmTC_f96b8.dir/build.make:78: CMakeFiles/cmTC_f96b8.dir/CheckSymbolExists.c.o] Error 1
gmake[1]: Leaving directory '/home/francesco/Desktop/TheTest/build/CMakeFiles/CMakeTmp'
gmake: *** [Makefile:127: cmTC_f96b8/fast] Error 2


File /home/francesco/Desktop/TheTest/build/CMakeFiles/CMakeTmp/CheckSymbolExists.c:
/* */
#include <stddef.h>
#include <stdarg.h>
#include <stdlib.h>
#include <string.h>
#include <stdio.h>
#include <wchar.h>
#include <float.h>

int main(int argc, char** argv)
{
  (void)argv;
#ifndef _ui64toa
  return ((int*)(&_ui64toa))[argc];
#else
  (void)argc;
  return 0;
#endif
}
Determining if the _stricmp exist failed with the following output:
Change Dir: /home/francesco/Desktop/TheTest/build/CMakeFiles/CMakeTmp

Run Build Command(s):/usr/bin/gmake -f Makefile cmTC_b6b78/fast && /usr/bin/gmake  -f CMakeFiles/cmTC_b6b78.dir/build.make CMakeFiles/cmTC_b6b78.dir/build
gmake[1]: Entering directory '/home/francesco/Desktop/TheTest/build/CMakeFiles/CMakeTmp'
Building C object CMakeFiles/cmTC_b6b78.dir/CheckSymbolExists.c.o
/usr/bin/gcc-12   -idirafter "/home/francesco/Desktop/TheTest/build/_deps/sdl2-src/src/video/khronos"  -D_GNU_SOURCE=1 -o CMakeFiles/cmTC_b6b78.dir/CheckSymbolExists.c.o -c /home/francesco/Desktop/TheTest/build/CMakeFiles/CMakeTmp/CheckSymbolExists.c
/home/francesco/Desktop/TheTest/build/CMakeFiles/CMakeTmp/CheckSymbolExists.c: In function ‘main’:
/home/francesco/Desktop/TheTest/build/CMakeFiles/CMakeTmp/CheckSymbolExists.c:14:19: error: ‘_stricmp’ undeclared (first use in this function); did you mean ‘strncmp’?
   14 |   return ((int*)(&_stricmp))[argc];
      |                   ^~~~~~~~
      |                   strncmp
/home/francesco/Desktop/TheTest/build/CMakeFiles/CMakeTmp/CheckSymbolExists.c:14:19: note: each undeclared identifier is reported only once for each function it appears in
gmake[1]: *** [CMakeFiles/cmTC_b6b78.dir/build.make:78: CMakeFiles/cmTC_b6b78.dir/CheckSymbolExists.c.o] Error 1
gmake[1]: Leaving directory '/home/francesco/Desktop/TheTest/build/CMakeFiles/CMakeTmp'
gmake: *** [Makefile:127: cmTC_b6b78/fast] Error 2


File /home/francesco/Desktop/TheTest/build/CMakeFiles/CMakeTmp/CheckSymbolExists.c:
/* */
#include <stddef.h>
#include <stdarg.h>
#include <stdlib.h>
#include <string.h>
#include <stdio.h>
#include <wchar.h>
#include <float.h>

int main(int argc, char** argv)
{
  (void)argv;
#ifndef _stricmp
  return ((int*)(&_stricmp))[argc];
#else
  (void)argc;
  return 0;
#endif
}
Determining if the _strnicmp exist failed with the following output:
Change Dir: /home/francesco/Desktop/TheTest/build/CMakeFiles/CMakeTmp

Run Build Command(s):/usr/bin/gmake -f Makefile cmTC_ace51/fast && /usr/bin/gmake  -f CMakeFiles/cmTC_ace51.dir/build.make CMakeFiles/cmTC_ace51.dir/build
gmake[1]: Entering directory '/home/francesco/Desktop/TheTest/build/CMakeFiles/CMakeTmp'
Building C object CMakeFiles/cmTC_ace51.dir/CheckSymbolExists.c.o
/usr/bin/gcc-12   -idirafter "/home/francesco/Desktop/TheTest/build/_deps/sdl2-src/src/video/khronos"  -D_GNU_SOURCE=1 -o CMakeFiles/cmTC_ace51.dir/CheckSymbolExists.c.o -c /home/francesco/Desktop/TheTest/build/CMakeFiles/CMakeTmp/CheckSymbolExists.c
/home/francesco/Desktop/TheTest/build/CMakeFiles/CMakeTmp/CheckSymbolExists.c: In function ‘main’:
/home/francesco/Desktop/TheTest/build/CMakeFiles/CMakeTmp/CheckSymbolExists.c:14:19: error: ‘_strnicmp’ undeclared (first use in this function); did you mean ‘strncmp’?
   14 |   return ((int*)(&_strnicmp))[argc];
      |                   ^~~~~~~~~
      |                   strncmp
/home/francesco/Desktop/TheTest/build/CMakeFiles/CMakeTmp/CheckSymbolExists.c:14:19: note: each undeclared identifier is reported only once for each function it appears in
gmake[1]: *** [CMakeFiles/cmTC_ace51.dir/build.make:78: CMakeFiles/cmTC_ace51.dir/CheckSymbolExists.c.o] Error 1
gmake[1]: Leaving directory '/home/francesco/Desktop/TheTest/build/CMakeFiles/CMakeTmp'
gmake: *** [Makefile:127: cmTC_ace51/fast] Error 2


File /home/francesco/Desktop/TheTest/build/CMakeFiles/CMakeTmp/CheckSymbolExists.c:
/* */
#include <stddef.h>
#include <stdarg.h>
#include <stdlib.h>
#include <string.h>
#include <stdio.h>
#include <wchar.h>
#include <float.h>

int main(int argc, char** argv)
{
  (void)argv;
#ifndef _strnicmp
  return ((int*)(&_strnicmp))[argc];
#else
  (void)argc;
  return 0;
#endif
}
Determining if the _wcsdup exist failed with the following output:
Change Dir: /home/francesco/Desktop/TheTest/build/CMakeFiles/CMakeTmp

Run Build Command(s):/usr/bin/gmake -f Makefile cmTC_807ce/fast && /usr/bin/gmake  -f CMakeFiles/cmTC_807ce.dir/build.make CMakeFiles/cmTC_807ce.dir/build
gmake[1]: Entering directory '/home/francesco/Desktop/TheTest/build/CMakeFiles/CMakeTmp'
Building C object CMakeFiles/cmTC_807ce.dir/CheckSymbolExists.c.o
/usr/bin/gcc-12   -idirafter "/home/francesco/Desktop/TheTest/build/_deps/sdl2-src/src/video/khronos"  -D_GNU_SOURCE=1 -o CMakeFiles/cmTC_807ce.dir/CheckSymbolExists.c.o -c /home/francesco/Desktop/TheTest/build/CMakeFiles/CMakeTmp/CheckSymbolExists.c
/home/francesco/Desktop/TheTest/build/CMakeFiles/CMakeTmp/CheckSymbolExists.c: In function ‘main’:
/home/francesco/Desktop/TheTest/build/CMakeFiles/CMakeTmp/CheckSymbolExists.c:14:19: error: ‘_wcsdup’ undeclared (first use in this function); did you mean ‘wcsdup’?
   14 |   return ((int*)(&_wcsdup))[argc];
      |                   ^~~~~~~
      |                   wcsdup
/home/francesco/Desktop/TheTest/build/CMakeFiles/CMakeTmp/CheckSymbolExists.c:14:19: note: each undeclared identifier is reported only once for each function it appears in
gmake[1]: *** [CMakeFiles/cmTC_807ce.dir/build.make:78: CMakeFiles/cmTC_807ce.dir/CheckSymbolExists.c.o] Error 1
gmake[1]: Leaving directory '/home/francesco/Desktop/TheTest/build/CMakeFiles/CMakeTmp'
gmake: *** [Makefile:127: cmTC_807ce/fast] Error 2


File /home/francesco/Desktop/TheTest/build/CMakeFiles/CMakeTmp/CheckSymbolExists.c:
/* */
#include <stddef.h>
#include <stdarg.h>
#include <stdlib.h>
#include <string.h>
#include <stdio.h>
#include <wchar.h>
#include <float.h>

int main(int argc, char** argv)
{
  (void)argv;
#ifndef _wcsdup
  return ((int*)(&_wcsdup))[argc];
#else
  (void)argc;
  return 0;
#endif
}
Determining if the wcslcat exist failed with the following output:
Change Dir: /home/francesco/Desktop/TheTest/build/CMakeFiles/CMakeTmp

Run Build Command(s):/usr/bin/gmake -f Makefile cmTC_15aca/fast && /usr/bin/gmake  -f CMakeFiles/cmTC_15aca.dir/build.make CMakeFiles/cmTC_15aca.dir/build
gmake[1]: Entering directory '/home/francesco/Desktop/TheTest/build/CMakeFiles/CMakeTmp'
Building C object CMakeFiles/cmTC_15aca.dir/CheckSymbolExists.c.o
/usr/bin/gcc-12   -idirafter "/home/francesco/Desktop/TheTest/build/_deps/sdl2-src/src/video/khronos"  -D_GNU_SOURCE=1 -o CMakeFiles/cmTC_15aca.dir/CheckSymbolExists.c.o -c /home/francesco/Desktop/TheTest/build/CMakeFiles/CMakeTmp/CheckSymbolExists.c
/home/francesco/Desktop/TheTest/build/CMakeFiles/CMakeTmp/CheckSymbolExists.c: In function ‘main’:
/home/francesco/Desktop/TheTest/build/CMakeFiles/CMakeTmp/CheckSymbolExists.c:14:19: error: ‘wcslcat’ undeclared (first use in this function); did you mean ‘wcsncat’?
   14 |   return ((int*)(&wcslcat))[argc];
      |                   ^~~~~~~
      |                   wcsncat
/home/francesco/Desktop/TheTest/build/CMakeFiles/CMakeTmp/CheckSymbolExists.c:14:19: note: each undeclared identifier is reported only once for each function it appears in
gmake[1]: *** [CMakeFiles/cmTC_15aca.dir/build.make:78: CMakeFiles/cmTC_15aca.dir/CheckSymbolExists.c.o] Error 1
gmake[1]: Leaving directory '/home/francesco/Desktop/TheTest/build/CMakeFiles/CMakeTmp'
gmake: *** [Makefile:127: cmTC_15aca/fast] Error 2


File /home/francesco/Desktop/TheTest/build/CMakeFiles/CMakeTmp/CheckSymbolExists.c:
/* */
#include <stddef.h>
#include <stdarg.h>
#include <stdlib.h>
#include <string.h>
#include <stdio.h>
#include <wchar.h>
#include <float.h>

int main(int argc, char** argv)
{
  (void)argv;
#ifndef wcslcat
  return ((int*)(&wcslcat))[argc];
#else
  (void)argc;
  return 0;
#endif
}
Determining if the wcslcpy exist failed with the following output:
Change Dir: /home/francesco/Desktop/TheTest/build/CMakeFiles/CMakeTmp

Run Build Command(s):/usr/bin/gmake -f Makefile cmTC_ae4c4/fast && /usr/bin/gmake  -f CMakeFiles/cmTC_ae4c4.dir/build.make CMakeFiles/cmTC_ae4c4.dir/build
gmake[1]: Entering directory '/home/francesco/Desktop/TheTest/build/CMakeFiles/CMakeTmp'
Building C object CMakeFiles/cmTC_ae4c4.dir/CheckSymbolExists.c.o
/usr/bin/gcc-12   -idirafter "/home/francesco/Desktop/TheTest/build/_deps/sdl2-src/src/video/khronos"  -D_GNU_SOURCE=1 -o CMakeFiles/cmTC_ae4c4.dir/CheckSymbolExists.c.o -c /home/francesco/Desktop/TheTest/build/CMakeFiles/CMakeTmp/CheckSymbolExists.c
/home/francesco/Desktop/TheTest/build/CMakeFiles/CMakeTmp/CheckSymbolExists.c: In function ‘main’:
/home/francesco/Desktop/TheTest/build/CMakeFiles/CMakeTmp/CheckSymbolExists.c:14:19: error: ‘wcslcpy’ undeclared (first use in this function); did you mean ‘wcsncpy’?
   14 |   return ((int*)(&wcslcpy))[argc];
      |                   ^~~~~~~
      |                   wcsncpy
/home/francesco/Desktop/TheTest/build/CMakeFiles/CMakeTmp/CheckSymbolExists.c:14:19: note: each undeclared identifier is reported only once for each function it appears in
gmake[1]: *** [CMakeFiles/cmTC_ae4c4.dir/build.make:78: CMakeFiles/cmTC_ae4c4.dir/CheckSymbolExists.c.o] Error 1
gmake[1]: Leaving directory '/home/francesco/Desktop/TheTest/build/CMakeFiles/CMakeTmp'
gmake: *** [Makefile:127: cmTC_ae4c4/fast] Error 2


File /home/francesco/Desktop/TheTest/build/CMakeFiles/CMakeTmp/CheckSymbolExists.c:
/* */
#include <stddef.h>
#include <stdarg.h>
#include <stdlib.h>
#include <string.h>
#include <stdio.h>
#include <wchar.h>
#include <float.h>

int main(int argc, char** argv)
{
  (void)argv;
#ifndef wcslcpy
  return ((int*)(&wcslcpy))[argc];
#else
  (void)argc;
  return 0;
#endif
}
Determining if the _wcsicmp exist failed with the following output:
Change Dir: /home/francesco/Desktop/TheTest/build/CMakeFiles/CMakeTmp

Run Build Command(s):/usr/bin/gmake -f Makefile cmTC_2517b/fast && /usr/bin/gmake  -f CMakeFiles/cmTC_2517b.dir/build.make CMakeFiles/cmTC_2517b.dir/build
gmake[1]: Entering directory '/home/francesco/Desktop/TheTest/build/CMakeFiles/CMakeTmp'
Building C object CMakeFiles/cmTC_2517b.dir/CheckSymbolExists.c.o
/usr/bin/gcc-12   -idirafter "/home/francesco/Desktop/TheTest/build/_deps/sdl2-src/src/video/khronos"  -D_GNU_SOURCE=1 -o CMakeFiles/cmTC_2517b.dir/CheckSymbolExists.c.o -c /home/francesco/Desktop/TheTest/build/CMakeFiles/CMakeTmp/CheckSymbolExists.c
/home/francesco/Desktop/TheTest/build/CMakeFiles/CMakeTmp/CheckSymbolExists.c: In function ‘main’:
/home/francesco/Desktop/TheTest/build/CMakeFiles/CMakeTmp/CheckSymbolExists.c:14:19: error: ‘_wcsicmp’ undeclared (first use in this function); did you mean ‘wcsncmp’?
   14 |   return ((int*)(&_wcsicmp))[argc];
      |                   ^~~~~~~~
      |                   wcsncmp
/home/francesco/Desktop/TheTest/build/CMakeFiles/CMakeTmp/CheckSymbolExists.c:14:19: note: each undeclared identifier is reported only once for each function it appears in
gmake[1]: *** [CMakeFiles/cmTC_2517b.dir/build.make:78: CMakeFiles/cmTC_2517b.dir/CheckSymbolExists.c.o] Error 1
gmake[1]: Leaving directory '/home/francesco/Desktop/TheTest/build/CMakeFiles/CMakeTmp'
gmake: *** [Makefile:127: cmTC_2517b/fast] Error 2


File /home/francesco/Desktop/TheTest/build/CMakeFiles/CMakeTmp/CheckSymbolExists.c:
/* */
#include <stddef.h>
#include <stdarg.h>
#include <stdlib.h>
#include <string.h>
#include <stdio.h>
#include <wchar.h>
#include <float.h>

int main(int argc, char** argv)
{
  (void)argv;
#ifndef _wcsicmp
  return ((int*)(&_wcsicmp))[argc];
#else
  (void)argc;
  return 0;
#endif
}
Determining if the _wcsnicmp exist failed with the following output:
Change Dir: /home/francesco/Desktop/TheTest/build/CMakeFiles/CMakeTmp

Run Build Command(s):/usr/bin/gmake -f Makefile cmTC_f8a25/fast && /usr/bin/gmake  -f CMakeFiles/cmTC_f8a25.dir/build.make CMakeFiles/cmTC_f8a25.dir/build
gmake[1]: Entering directory '/home/francesco/Desktop/TheTest/build/CMakeFiles/CMakeTmp'
Building C object CMakeFiles/cmTC_f8a25.dir/CheckSymbolExists.c.o
/usr/bin/gcc-12   -idirafter "/home/francesco/Desktop/TheTest/build/_deps/sdl2-src/src/video/khronos"  -D_GNU_SOURCE=1 -o CMakeFiles/cmTC_f8a25.dir/CheckSymbolExists.c.o -c /home/francesco/Desktop/TheTest/build/CMakeFiles/CMakeTmp/CheckSymbolExists.c
/home/francesco/Desktop/TheTest/build/CMakeFiles/CMakeTmp/CheckSymbolExists.c: In function ‘main’:
/home/francesco/Desktop/TheTest/build/CMakeFiles/CMakeTmp/CheckSymbolExists.c:14:19: error: ‘_wcsnicmp’ undeclared (first use in this function); did you mean ‘wcsncmp’?
   14 |   return ((int*)(&_wcsnicmp))[argc];
      |                   ^~~~~~~~~
      |                   wcsncmp
/home/francesco/Desktop/TheTest/build/CMakeFiles/CMakeTmp/CheckSymbolExists.c:14:19: note: each undeclared identifier is reported only once for each function it appears in
gmake[1]: *** [CMakeFiles/cmTC_f8a25.dir/build.make:78: CMakeFiles/cmTC_f8a25.dir/CheckSymbolExists.c.o] Error 1
gmake[1]: Leaving directory '/home/francesco/Desktop/TheTest/build/CMakeFiles/CMakeTmp'
gmake: *** [Makefile:127: cmTC_f8a25/fast] Error 2


File /home/francesco/Desktop/TheTest/build/CMakeFiles/CMakeTmp/CheckSymbolExists.c:
/* */
#include <stddef.h>
#include <stdarg.h>
#include <stdlib.h>
#include <string.h>
#include <stdio.h>
#include <wchar.h>
#include <float.h>

int main(int argc, char** argv)
{
  (void)argv;
#ifndef _wcsnicmp
  return ((int*)(&_wcsnicmp))[argc];
#else
  (void)argc;
  return 0;
#endif
}
Determining if the sysctlbyname exist failed with the following output:
Change Dir: /home/francesco/Desktop/TheTest/build/CMakeFiles/CMakeTmp

Run Build Command(s):/usr/bin/gmake -f Makefile cmTC_2b038/fast && /usr/bin/gmake  -f CMakeFiles/cmTC_2b038.dir/build.make CMakeFiles/cmTC_2b038.dir/build
gmake[1]: Entering directory '/home/francesco/Desktop/TheTest/build/CMakeFiles/CMakeTmp'
Building C object CMakeFiles/cmTC_2b038.dir/CheckSymbolExists.c.o
/usr/bin/gcc-12   -idirafter "/home/francesco/Desktop/TheTest/build/_deps/sdl2-src/src/video/khronos"  -D_GNU_SOURCE=1 -o CMakeFiles/cmTC_2b038.dir/CheckSymbolExists.c.o -c /home/francesco/Desktop/TheTest/build/CMakeFiles/CMakeTmp/CheckSymbolExists.c
/home/francesco/Desktop/TheTest/build/CMakeFiles/CMakeTmp/CheckSymbolExists.c:3:10: fatal error: sys/sysctl.h: No such file or directory
    3 | #include <sys/sysctl.h>
      |          ^~~~~~~~~~~~~~
compilation terminated.
gmake[1]: *** [CMakeFiles/cmTC_2b038.dir/build.make:78: CMakeFiles/cmTC_2b038.dir/CheckSymbolExists.c.o] Error 1
gmake[1]: Leaving directory '/home/francesco/Desktop/TheTest/build/CMakeFiles/CMakeTmp'
gmake: *** [Makefile:127: cmTC_2b038/fast] Error 2


File /home/francesco/Desktop/TheTest/build/CMakeFiles/CMakeTmp/CheckSymbolExists.c:
/* */
#include <sys/types.h>
#include <sys/sysctl.h>

int main(int argc, char** argv)
{
  (void)argv;
#ifndef sysctlbyname
  return ((int*)(&sysctlbyname))[argc];
#else
  (void)argc;
  return 0;
#endif
}
Determining if the elf_aux_info exist failed with the following output:
Change Dir: /home/francesco/Desktop/TheTest/build/CMakeFiles/CMakeTmp

Run Build Command(s):/usr/bin/gmake -f Makefile cmTC_9e707/fast && /usr/bin/gmake  -f CMakeFiles/cmTC_9e707.dir/build.make CMakeFiles/cmTC_9e707.dir/build
gmake[1]: Entering directory '/home/francesco/Desktop/TheTest/build/CMakeFiles/CMakeTmp'
Building C object CMakeFiles/cmTC_9e707.dir/CheckSymbolExists.c.o
/usr/bin/gcc-12   -idirafter "/home/francesco/Desktop/TheTest/build/_deps/sdl2-src/src/video/khronos"  -D_GNU_SOURCE=1 -o CMakeFiles/cmTC_9e707.dir/CheckSymbolExists.c.o -c /home/francesco/Desktop/TheTest/build/CMakeFiles/CMakeTmp/CheckSymbolExists.c
/home/francesco/Desktop/TheTest/build/CMakeFiles/CMakeTmp/CheckSymbolExists.c: In function ‘main’:
/home/francesco/Desktop/TheTest/build/CMakeFiles/CMakeTmp/CheckSymbolExists.c:8:19: error: ‘elf_aux_info’ undeclared (first use in this function)
    8 |   return ((int*)(&elf_aux_info))[argc];
      |                   ^~~~~~~~~~~~
/home/francesco/Desktop/TheTest/build/CMakeFiles/CMakeTmp/CheckSymbolExists.c:8:19: note: each undeclared identifier is reported only once for each function it appears in
gmake[1]: *** [CMakeFiles/cmTC_9e707.dir/build.make:78: CMakeFiles/cmTC_9e707.dir/CheckSymbolExists.c.o] Error 1
gmake[1]: Leaving directory '/home/francesco/Desktop/TheTest/build/CMakeFiles/CMakeTmp'
gmake: *** [Makefile:127: cmTC_9e707/fast] Error 2


File /home/francesco/Desktop/TheTest/build/CMakeFiles/CMakeTmp/CheckSymbolExists.c:
/* */
#include <sys/auxv.h>

int main(int argc, char** argv)
{
  (void)argv;
#ifndef elf_aux_info
  return ((int*)(&elf_aux_info))[argc];
#else
  (void)argc;
  return 0;
#endif
}
Determining if the function iconv_open exists in the iconv failed with the following output:
Change Dir: /home/francesco/Desktop/TheTest/build/CMakeFiles/CMakeTmp

Run Build Command(s):/usr/bin/gmake -f Makefile cmTC_85caf/fast && /usr/bin/gmake  -f CMakeFiles/cmTC_85caf.dir/build.make CMakeFiles/cmTC_85caf.dir/build
gmake[1]: Entering directory '/home/francesco/Desktop/TheTest/build/CMakeFiles/CMakeTmp'
Building C object CMakeFiles/cmTC_85caf.dir/CheckFunctionExists.c.o
/usr/bin/gcc-12   -idirafter "/home/francesco/Desktop/TheTest/build/_deps/sdl2-src/src/video/khronos" -DCHECK_FUNCTION_EXISTS=iconv_open  -D_GNU_SOURCE=1 -o CMakeFiles/cmTC_85caf.dir/CheckFunctionExists.c.o -c /usr/share/cmake-3.22/Modules/CheckFunctionExists.c
Linking C executable cmTC_85caf
/usr/bin/cmake -E cmake_link_script CMakeFiles/cmTC_85caf.dir/link.txt --verbose=1
/usr/bin/gcc-12  -idirafter "/home/francesco/Desktop/TheTest/build/_deps/sdl2-src/src/video/khronos" -DCHECK_FUNCTION_EXISTS=iconv_open  -D_GNU_SOURCE=1 -rdynamic CMakeFiles/cmTC_85caf.dir/CheckFunctionExists.c.o -o cmTC_85caf  -liconv 
/usr/bin/ld: cannot find -liconv: No such file or directory
collect2: error: ld returned 1 exit status
gmake[1]: *** [CMakeFiles/cmTC_85caf.dir/build.make:99: cmTC_85caf] Error 1
gmake[1]: Leaving directory '/home/francesco/Desktop/TheTest/build/CMakeFiles/CMakeTmp'
gmake: *** [Makefile:127: cmTC_85caf/fast] Error 2



Determining if the alloca exist failed with the following output:
Change Dir: /home/francesco/Desktop/TheTest/build/CMakeFiles/CMakeTmp

Run Build Command(s):/usr/bin/gmake -f Makefile cmTC_658ec/fast && /usr/bin/gmake  -f CMakeFiles/cmTC_658ec.dir/build.make CMakeFiles/cmTC_658ec.dir/build
gmake[1]: Entering directory '/home/francesco/Desktop/TheTest/build/CMakeFiles/CMakeTmp'
Building C object CMakeFiles/cmTC_658ec.dir/CheckSymbolExists.c.o
/usr/bin/gcc-12   -idirafter "/home/francesco/Desktop/TheTest/build/_deps/sdl2-src/src/video/khronos"  -D_GNU_SOURCE=1 -o CMakeFiles/cmTC_658ec.dir/CheckSymbolExists.c.o -c /home/francesco/Desktop/TheTest/build/CMakeFiles/CMakeTmp/CheckSymbolExists.c
/home/francesco/Desktop/TheTest/build/CMakeFiles/CMakeTmp/CheckSymbolExists.c: In function ‘main’:
/home/francesco/Desktop/TheTest/build/CMakeFiles/CMakeTmp/CheckSymbolExists.c:8:19: error: ‘alloca’ undeclared (first use in this function); did you mean ‘valloc’?
    8 |   return ((int*)(&alloca))[argc];
      |                   ^~~~~~
      |                   valloc
/home/francesco/Desktop/TheTest/build/CMakeFiles/CMakeTmp/CheckSymbolExists.c:8:19: note: each undeclared identifier is reported only once for each function it appears in
gmake[1]: *** [CMakeFiles/cmTC_658ec.dir/build.make:78: CMakeFiles/cmTC_658ec.dir/CheckSymbolExists.c.o] Error 1
gmake[1]: Leaving directory '/home/francesco/Desktop/TheTest/build/CMakeFiles/CMakeTmp'
gmake: *** [Makefile:127: cmTC_658ec/fast] Error 2


File /home/francesco/Desktop/TheTest/build/CMakeFiles/CMakeTmp/CheckSymbolExists.c:
/* */
#include <malloc.h>

int main(int argc, char** argv)
{
  (void)argv;
#ifndef alloca
  return ((int*)(&alloca))[argc];
#else
  (void)argc;
  return 0;
#endif
}
Determining if the include file audio/audiolib.h exists failed with the following output:
Change Dir: /home/francesco/Desktop/TheTest/build/CMakeFiles/CMakeTmp

Run Build Command(s):/usr/bin/gmake -f Makefile cmTC_51cca/fast && /usr/bin/gmake  -f CMakeFiles/cmTC_51cca.dir/build.make CMakeFiles/cmTC_51cca.dir/build
gmake[1]: Entering directory '/home/francesco/Desktop/TheTest/build/CMakeFiles/CMakeTmp'
Building C object CMakeFiles/cmTC_51cca.dir/CheckIncludeFile.c.o
/usr/bin/gcc-12   -idirafter "/home/francesco/Desktop/TheTest/build/_deps/sdl2-src/src/video/khronos"  -D_GNU_SOURCE=1 -o CMakeFiles/cmTC_51cca.dir/CheckIncludeFile.c.o -c /home/francesco/Desktop/TheTest/build/CMakeFiles/CMakeTmp/CheckIncludeFile.c
/home/francesco/Desktop/TheTest/build/CMakeFiles/CMakeTmp/CheckIncludeFile.c:1:10: fatal error: audio/audiolib.h: No such file or directory
    1 | #include <audio/audiolib.h>
      |          ^~~~~~~~~~~~~~~~~~
compilation terminated.
gmake[1]: *** [CMakeFiles/cmTC_51cca.dir/build.make:78: CMakeFiles/cmTC_51cca.dir/CheckIncludeFile.c.o] Error 1
gmake[1]: Leaving directory '/home/francesco/Desktop/TheTest/build/CMakeFiles/CMakeTmp'
gmake: *** [Makefile:127: cmTC_51cca/fast] Error 2



Performing C SOURCE FILE Test HAVE_RPI failed with the following output:
Change Dir: /home/francesco/Desktop/TheTest/build/CMakeFiles/CMakeTmp

Run Build Command(s):/usr/bin/gmake -f Makefile cmTC_4adc6/fast && /usr/bin/gmake  -f CMakeFiles/cmTC_4adc6.dir/build.make CMakeFiles/cmTC_4adc6.dir/build
gmake[1]: Entering directory '/home/francesco/Desktop/TheTest/build/CMakeFiles/CMakeTmp'
Building C object CMakeFiles/cmTC_4adc6.dir/src.c.o
/usr/bin/gcc-12 -DHAVE_RPI  -idirafter "/home/francesco/Desktop/TheTest/build/_deps/sdl2-src/src/video/khronos"  -D_GNU_SOURCE=1  -I/opt/vc/include -I/opt/vc/include/interface/vcos/pthreads -I/opt/vc/include/interface/vmcs_host/linux/  -L/opt/vc/lib -o CMakeFiles/cmTC_4adc6.dir/src.c.o -c /home/francesco/Desktop/TheTest/build/CMakeFiles/CMakeTmp/src.c
/home/francesco/Desktop/TheTest/build/CMakeFiles/CMakeTmp/src.c:2:18: fatal error: bcm_host.h: No such file or directory
    2 |         #include <bcm_host.h>
      |                  ^~~~~~~~~~~~
compilation terminated.
gmake[1]: *** [CMakeFiles/cmTC_4adc6.dir/build.make:78: CMakeFiles/cmTC_4adc6.dir/src.c.o] Error 1
gmake[1]: Leaving directory '/home/francesco/Desktop/TheTest/build/CMakeFiles/CMakeTmp'
gmake: *** [Makefile:127: cmTC_4adc6/fast] Error 2


Source file was:

        #include <bcm_host.h>
        #include <EGL/eglplatform.h>
        int main(int argc, char **argv) {
          EGL_DISPMANX_WINDOW_T window;
          bcm_host_init();
        }
Performing C SOURCE FILE Test HAVE_VIVANTE_VDK failed with the following output:
Change Dir: /home/francesco/Desktop/TheTest/build/CMakeFiles/CMakeTmp

Run Build Command(s):/usr/bin/gmake -f Makefile cmTC_d61b0/fast && /usr/bin/gmake  -f CMakeFiles/cmTC_d61b0.dir/build.make CMakeFiles/cmTC_d61b0.dir/build
gmake[1]: Entering directory '/home/francesco/Desktop/TheTest/build/CMakeFiles/CMakeTmp'
Building C object CMakeFiles/cmTC_d61b0.dir/src.c.o
/usr/bin/gcc-12 -DHAVE_VIVANTE_VDK  -idirafter "/home/francesco/Desktop/TheTest/build/_deps/sdl2-src/src/video/khronos"  -D_GNU_SOURCE=1 -o CMakeFiles/cmTC_d61b0.dir/src.c.o -c /home/francesco/Desktop/TheTest/build/CMakeFiles/CMakeTmp/src.c
/home/francesco/Desktop/TheTest/build/CMakeFiles/CMakeTmp/src.c:2:18: fatal error: gc_vdk.h: No such file or directory
    2 |         #include <gc_vdk.h>
      |                  ^~~~~~~~~~
compilation terminated.
gmake[1]: *** [CMakeFiles/cmTC_d61b0.dir/build.make:78: CMakeFiles/cmTC_d61b0.dir/src.c.o] Error 1
gmake[1]: Leaving directory '/home/francesco/Desktop/TheTest/build/CMakeFiles/CMakeTmp'
gmake: *** [Makefile:127: cmTC_d61b0/fast] Error 2


Source file was:

        #include <gc_vdk.h>
        int main(int argc, char** argv) { return 0; }
Performing C SOURCE FILE Test HAVE_VIVANTE_EGL_FB failed with the following output:
Change Dir: /home/francesco/Desktop/TheTest/build/CMakeFiles/CMakeTmp

Run Build Command(s):/usr/bin/gmake -f Makefile cmTC_db58a/fast && /usr/bin/gmake  -f CMakeFiles/cmTC_db58a.dir/build.make CMakeFiles/cmTC_db58a.dir/build
gmake[1]: Entering directory '/home/francesco/Desktop/TheTest/build/CMakeFiles/CMakeTmp'
Building C object CMakeFiles/cmTC_db58a.dir/src.c.o
/usr/bin/gcc-12 -DHAVE_VIVANTE_EGL_FB  -idirafter "/home/francesco/Desktop/TheTest/build/_deps/sdl2-src/src/video/khronos"  -D_GNU_SOURCE=1 -o CMakeFiles/cmTC_db58a.dir/src.c.o -c /home/francesco/Desktop/TheTest/build/CMakeFiles/CMakeTmp/src.c
/home/francesco/Desktop/TheTest/build/CMakeFiles/CMakeTmp/src.c:4:18: fatal error: EGL/eglvivante.h: No such file or directory
    4 |         #include <EGL/eglvivante.h>
      |                  ^~~~~~~~~~~~~~~~~~
compilation terminated.
gmake[1]: *** [CMakeFiles/cmTC_db58a.dir/build.make:78: CMakeFiles/cmTC_db58a.dir/src.c.o] Error 1
gmake[1]: Leaving directory '/home/francesco/Desktop/TheTest/build/CMakeFiles/CMakeTmp'
gmake: *** [Makefile:127: cmTC_db58a/fast] Error 2


Source file was:

        #define LINUX
        #define EGL_API_FB
        #include <EGL/eglvivante.h>
        int main(int argc, char** argv) { return 0; }
Determining if files pthread_np.h exist failed with the following output:
Change Dir: /home/francesco/Desktop/TheTest/build/CMakeFiles/CMakeTmp

Run Build Command(s):/usr/bin/gmake -f Makefile cmTC_b4233/fast && /usr/bin/gmake  -f CMakeFiles/cmTC_b4233.dir/build.make CMakeFiles/cmTC_b4233.dir/build
gmake[1]: Entering directory '/home/francesco/Desktop/TheTest/build/CMakeFiles/CMakeTmp'
Building C object CMakeFiles/cmTC_b4233.dir/HAVE_PTHREAD_NP_H.c.o
/usr/bin/gcc-12   -idirafter "/home/francesco/Desktop/TheTest/build/_deps/sdl2-src/src/video/khronos"  -D_GNU_SOURCE=1 -D_REENTRANT -pthread -o CMakeFiles/cmTC_b4233.dir/HAVE_PTHREAD_NP_H.c.o -c /home/francesco/Desktop/TheTest/build/CMakeFiles/CheckIncludeFiles/HAVE_PTHREAD_NP_H.c
/home/francesco/Desktop/TheTest/build/CMakeFiles/CheckIncludeFiles/HAVE_PTHREAD_NP_H.c:2:10: fatal error: pthread_np.h: No such file or directory
    2 | #include <pthread_np.h>
      |          ^~~~~~~~~~~~~~
compilation terminated.
gmake[1]: *** [CMakeFiles/cmTC_b4233.dir/build.make:78: CMakeFiles/cmTC_b4233.dir/HAVE_PTHREAD_NP_H.c.o] Error 1
gmake[1]: Leaving directory '/home/francesco/Desktop/TheTest/build/CMakeFiles/CMakeTmp'
gmake: *** [Makefile:127: cmTC_b4233/fast] Error 2


Source:
/* */
#include <pthread_np.h>


int main(void){return 0;}

Determining if the include file samplerate.h exists failed with the following output:
Change Dir: /home/francesco/Desktop/TheTest/build/CMakeFiles/CMakeTmp

Run Build Command(s):/usr/bin/gmake -f Makefile cmTC_aecbb/fast && /usr/bin/gmake  -f CMakeFiles/cmTC_aecbb.dir/build.make CMakeFiles/cmTC_aecbb.dir/build
gmake[1]: Entering directory '/home/francesco/Desktop/TheTest/build/CMakeFiles/CMakeTmp'
Building C object CMakeFiles/cmTC_aecbb.dir/CheckIncludeFile.c.o
/usr/bin/gcc-12   -idirafter "/home/francesco/Desktop/TheTest/build/_deps/sdl2-src/src/video/khronos" -DHAVE_LINUX_VERSION_H  -D_GNU_SOURCE=1 -o CMakeFiles/cmTC_aecbb.dir/CheckIncludeFile.c.o -c /home/francesco/Desktop/TheTest/build/CMakeFiles/CMakeTmp/CheckIncludeFile.c
/home/francesco/Desktop/TheTest/build/CMakeFiles/CMakeTmp/CheckIncludeFile.c:1:10: fatal error: samplerate.h: No such file or directory
    1 | #include <samplerate.h>
      |          ^~~~~~~~~~~~~~
compilation terminated.
gmake[1]: *** [CMakeFiles/cmTC_aecbb.dir/build.make:78: CMakeFiles/cmTC_aecbb.dir/CheckIncludeFile.c.o] Error 1
gmake[1]: Leaving directory '/home/francesco/Desktop/TheTest/build/CMakeFiles/CMakeTmp'
gmake: *** [Makefile:127: cmTC_aecbb/fast] Error 2



Performing C SOURCE FILE Test CHECK_CPU_ARCHITECTURE_X86 failed with the following output:
Change Dir: /home/francesco/Desktop/TheTest/build/CMakeFiles/CMakeTmp

Run Build Command(s):/usr/bin/gmake -f Makefile cmTC_643c2/fast && /usr/bin/gmake  -f CMakeFiles/cmTC_643c2.dir/build.make CMakeFiles/cmTC_643c2.dir/build
gmake[1]: Entering directory '/home/francesco/Desktop/TheTest/build/CMakeFiles/CMakeTmp'
Building C object CMakeFiles/cmTC_643c2.dir/src.c.o
/usr/bin/gcc-12 -DCHECK_CPU_ARCHITECTURE_X86   -o CMakeFiles/cmTC_643c2.dir/src.c.o -c /home/francesco/Desktop/TheTest/build/CMakeFiles/CMakeTmp/src.c
/home/francesco/Desktop/TheTest/build/CMakeFiles/CMakeTmp/src.c: In function ‘main’:
/home/francesco/Desktop/TheTest/build/CMakeFiles/CMakeTmp/src.c:6:3: error: ‘choke’ undeclared (first use in this function)
    6 |   choke
      |   ^~~~~
/home/francesco/Desktop/TheTest/build/CMakeFiles/CMakeTmp/src.c:6:3: note: each undeclared identifier is reported only once for each function it appears in
/home/francesco/Desktop/TheTest/build/CMakeFiles/CMakeTmp/src.c:6:8: error: expected ‘;’ before ‘}’ token
    6 |   choke
      |        ^
      |        ;
    7 | #endif
    8 | }
      | ~       
gmake[1]: *** [CMakeFiles/cmTC_643c2.dir/build.make:78: CMakeFiles/cmTC_643c2.dir/src.c.o] Error 1
gmake[1]: Leaving directory '/home/francesco/Desktop/TheTest/build/CMakeFiles/CMakeTmp'
gmake: *** [Makefile:127: cmTC_643c2/fast] Error 2


Source file was:

int main(int argc, char *argv[]) {
#if defined(__i386__) || defined(__i486__) || defined(__i586__) || defined(__i686__) ||defined( __i386) || defined(_M_IX86)
  return 0;
#else
  choke
#endif
}

Performing C SOURCE FILE Test CHECK_CPU_ARCHITECTURE_ARM32 failed with the following output:
Change Dir: /home/francesco/Desktop/TheTest/build/CMakeFiles/CMakeTmp

Run Build Command(s):/usr/bin/gmake -f Makefile cmTC_42da3/fast && /usr/bin/gmake  -f CMakeFiles/cmTC_42da3.dir/build.make CMakeFiles/cmTC_42da3.dir/build
gmake[1]: Entering directory '/home/francesco/Desktop/TheTest/build/CMakeFiles/CMakeTmp'
Building C object CMakeFiles/cmTC_42da3.dir/src.c.o
/usr/bin/gcc-12 -DCHECK_CPU_ARCHITECTURE_ARM32   -o CMakeFiles/cmTC_42da3.dir/src.c.o -c /home/francesco/Desktop/TheTest/build/CMakeFiles/CMakeTmp/src.c
/home/francesco/Desktop/TheTest/build/CMakeFiles/CMakeTmp/src.c: In function ‘main’:
/home/francesco/Desktop/TheTest/build/CMakeFiles/CMakeTmp/src.c:6:3: error: ‘choke’ undeclared (first use in this function)
    6 |   choke
      |   ^~~~~
/home/francesco/Desktop/TheTest/build/CMakeFiles/CMakeTmp/src.c:6:3: note: each undeclared identifier is reported only once for each function it appears in
/home/francesco/Desktop/TheTest/build/CMakeFiles/CMakeTmp/src.c:6:8: error: expected ‘;’ before ‘}’ token
    6 |   choke
      |        ^
      |        ;
    7 | #endif
    8 | }
      | ~       
gmake[1]: *** [CMakeFiles/cmTC_42da3.dir/build.make:78: CMakeFiles/cmTC_42da3.dir/src.c.o] Error 1
gmake[1]: Leaving directory '/home/francesco/Desktop/TheTest/build/CMakeFiles/CMakeTmp'
gmake: *** [Makefile:127: cmTC_42da3/fast] Error 2


Source file was:

int main(int argc, char *argv[]) {
#if defined(__arm__) || defined(_M_ARM)
  return 0;
#else
  choke
#endif
}

Performing C SOURCE FILE Test CHECK_CPU_ARCHITECTURE_ARM64 failed with the following output:
Change Dir: /home/francesco/Desktop/TheTest/build/CMakeFiles/CMakeTmp

Run Build Command(s):/usr/bin/gmake -f Makefile cmTC_27376/fast && /usr/bin/gmake  -f CMakeFiles/cmTC_27376.dir/build.make CMakeFiles/cmTC_27376.dir/build
gmake[1]: Entering directory '/home/francesco/Desktop/TheTest/build/CMakeFiles/CMakeTmp'
Building C object CMakeFiles/cmTC_27376.dir/src.c.o
/usr/bin/gcc-12 -DCHECK_CPU_ARCHITECTURE_ARM64   -o CMakeFiles/cmTC_27376.dir/src.c.o -c /home/francesco/Desktop/TheTest/build/CMakeFiles/CMakeTmp/src.c
/home/francesco/Desktop/TheTest/build/CMakeFiles/CMakeTmp/src.c: In function ‘main’:
/home/francesco/Desktop/TheTest/build/CMakeFiles/CMakeTmp/src.c:6:3: error: ‘choke’ undeclared (first use in this function)
    6 |   choke
      |   ^~~~~
/home/francesco/Desktop/TheTest/build/CMakeFiles/CMakeTmp/src.c:6:3: note: each undeclared identifier is reported only once for each function it appears in
/home/francesco/Desktop/TheTest/build/CMakeFiles/CMakeTmp/src.c:6:8: error: expected ‘;’ before ‘}’ token
    6 |   choke
      |        ^
      |        ;
    7 | #endif
    8 | }
      | ~       
gmake[1]: *** [CMakeFiles/cmTC_27376.dir/build.make:78: CMakeFiles/cmTC_27376.dir/src.c.o] Error 1
gmake[1]: Leaving directory '/home/francesco/Desktop/TheTest/build/CMakeFiles/CMakeTmp'
gmake: *** [Makefile:127: cmTC_27376/fast] Error 2


Source file was:

int main(int argc, char *argv[]) {
#if defined(__aarch64__) || defined(_M_ARM64)
  return 0;
#else
  choke
#endif
}

Performing C SOURCE FILE Test CHECK_CPU_ARCHITECTURE_LOONGARCH64 failed with the following output:
Change Dir: /home/francesco/Desktop/TheTest/build/CMakeFiles/CMakeTmp

Run Build Command(s):/usr/bin/gmake -f Makefile cmTC_85542/fast && /usr/bin/gmake  -f CMakeFiles/cmTC_85542.dir/build.make CMakeFiles/cmTC_85542.dir/build
gmake[1]: Entering directory '/home/francesco/Desktop/TheTest/build/CMakeFiles/CMakeTmp'
Building C object CMakeFiles/cmTC_85542.dir/src.c.o
/usr/bin/gcc-12 -DCHECK_CPU_ARCHITECTURE_LOONGARCH64   -o CMakeFiles/cmTC_85542.dir/src.c.o -c /home/francesco/Desktop/TheTest/build/CMakeFiles/CMakeTmp/src.c
/home/francesco/Desktop/TheTest/build/CMakeFiles/CMakeTmp/src.c: In function ‘main’:
/home/francesco/Desktop/TheTest/build/CMakeFiles/CMakeTmp/src.c:6:3: error: ‘choke’ undeclared (first use in this function)
    6 |   choke
      |   ^~~~~
/home/francesco/Desktop/TheTest/build/CMakeFiles/CMakeTmp/src.c:6:3: note: each undeclared identifier is reported only once for each function it appears in
/home/francesco/Desktop/TheTest/build/CMakeFiles/CMakeTmp/src.c:6:8: error: expected ‘;’ before ‘}’ token
    6 |   choke
      |        ^
      |        ;
    7 | #endif
    8 | }
      | ~       
gmake[1]: *** [CMakeFiles/cmTC_85542.dir/build.make:78: CMakeFiles/cmTC_85542.dir/src.c.o] Error 1
gmake[1]: Leaving directory '/home/francesco/Desktop/TheTest/build/CMakeFiles/CMakeTmp'
gmake: *** [Makefile:127: cmTC_85542/fast] Error 2


Source file was:

int main(int argc, char *argv[]) {
#if defined(__loongarch64)
  return 0;
#else
  choke
#endif
}

Performing C SOURCE FILE Test CPU_SUPPORTS_ALTIVEC failed with the following output:
Change Dir: /home/francesco/Desktop/TheTest/build/CMakeFiles/CMakeTmp

Run Build Command(s):/usr/bin/gmake -f Makefile cmTC_83255/fast && /usr/bin/gmake  -f CMakeFiles/cmTC_83255.dir/build.make CMakeFiles/cmTC_83255.dir/build
gmake[1]: Entering directory '/home/francesco/Desktop/TheTest/build/CMakeFiles/CMakeTmp'
Building C object CMakeFiles/cmTC_83255.dir/src.c.o
/usr/bin/gcc-12 -DCPU_SUPPORTS_ALTIVEC  -idirafter "/home/francesco/Desktop/TheTest/build/_deps/sdl2-src/src/video/khronos" -maltivec -o CMakeFiles/cmTC_83255.dir/src.c.o -c /home/francesco/Desktop/TheTest/build/CMakeFiles/CMakeTmp/src.c
gcc-12: error: unrecognized command-line option ‘-maltivec’
gmake[1]: *** [CMakeFiles/cmTC_83255.dir/build.make:78: CMakeFiles/cmTC_83255.dir/src.c.o] Error 1
gmake[1]: Leaving directory '/home/francesco/Desktop/TheTest/build/CMakeFiles/CMakeTmp'
gmake: *** [Makefile:127: cmTC_83255/fast] Error 2


Source file was:

          vector unsigned int vzero() {
              return vec_splat_u32(0);
          }
          int main(int argc, char **argv) { return 0; }
Determining if the libdecor_frame_get_max_content_size exist failed with the following output:
Change Dir: /home/francesco/Desktop/TheTest/build/CMakeFiles/CMakeTmp

Run Build Command(s):/usr/bin/gmake -f Makefile cmTC_03d6c/fast && /usr/bin/gmake  -f CMakeFiles/cmTC_03d6c.dir/build.make CMakeFiles/cmTC_03d6c.dir/build
gmake[1]: Entering directory '/home/francesco/Desktop/TheTest/build/CMakeFiles/CMakeTmp'
Building C object CMakeFiles/cmTC_03d6c.dir/CheckSymbolExists.c.o
/usr/bin/gcc-12  -I/usr/include/libdecor-0 -idirafter "/home/francesco/Desktop/TheTest/build/_deps/sdl2-src/src/video/khronos"  -D_GNU_SOURCE=1 -o CMakeFiles/cmTC_03d6c.dir/CheckSymbolExists.c.o -c /home/francesco/Desktop/TheTest/build/CMakeFiles/CMakeTmp/CheckSymbolExists.c
/home/francesco/Desktop/TheTest/build/CMakeFiles/CMakeTmp/CheckSymbolExists.c: In function ‘main’:
/home/francesco/Desktop/TheTest/build/CMakeFiles/CMakeTmp/CheckSymbolExists.c:8:19: error: ‘libdecor_frame_get_max_content_size’ undeclared (first use in this function); did you mean ‘libdecor_frame_set_max_content_size’?
    8 |   return ((int*)(&libdecor_frame_get_max_content_size))[argc];
      |                   ^~~~~~~~~~~~~~~~~~~~~~~~~~~~~~~~~~~
      |                   libdecor_frame_set_max_content_size
/home/francesco/Desktop/TheTest/build/CMakeFiles/CMakeTmp/CheckSymbolExists.c:8:19: note: each undeclared identifier is reported only once for each function it appears in
gmake[1]: *** [CMakeFiles/cmTC_03d6c.dir/build.make:78: CMakeFiles/cmTC_03d6c.dir/CheckSymbolExists.c.o] Error 1
gmake[1]: Leaving directory '/home/francesco/Desktop/TheTest/build/CMakeFiles/CMakeTmp'
gmake: *** [Makefile:127: cmTC_03d6c/fast] Error 2


File /home/francesco/Desktop/TheTest/build/CMakeFiles/CMakeTmp/CheckSymbolExists.c:
/* */
#include <libdecor.h>

int main(int argc, char** argv)
{
  (void)argv;
#ifndef libdecor_frame_get_max_content_size
  return ((int*)(&libdecor_frame_get_max_content_size))[argc];
#else
  (void)argc;
  return 0;
#endif
}
Determining if the libdecor_frame_get_min_content_size exist failed with the following output:
Change Dir: /home/francesco/Desktop/TheTest/build/CMakeFiles/CMakeTmp

Run Build Command(s):/usr/bin/gmake -f Makefile cmTC_c3e21/fast && /usr/bin/gmake  -f CMakeFiles/cmTC_c3e21.dir/build.make CMakeFiles/cmTC_c3e21.dir/build
gmake[1]: Entering directory '/home/francesco/Desktop/TheTest/build/CMakeFiles/CMakeTmp'
Building C object CMakeFiles/cmTC_c3e21.dir/CheckSymbolExists.c.o
/usr/bin/gcc-12  -I/usr/include/libdecor-0 -idirafter "/home/francesco/Desktop/TheTest/build/_deps/sdl2-src/src/video/khronos"  -D_GNU_SOURCE=1 -o CMakeFiles/cmTC_c3e21.dir/CheckSymbolExists.c.o -c /home/francesco/Desktop/TheTest/build/CMakeFiles/CMakeTmp/CheckSymbolExists.c
/home/francesco/Desktop/TheTest/build/CMakeFiles/CMakeTmp/CheckSymbolExists.c: In function ‘main’:
/home/francesco/Desktop/TheTest/build/CMakeFiles/CMakeTmp/CheckSymbolExists.c:8:19: error: ‘libdecor_frame_get_min_content_size’ undeclared (first use in this function); did you mean ‘libdecor_frame_set_min_content_size’?
    8 |   return ((int*)(&libdecor_frame_get_min_content_size))[argc];
      |                   ^~~~~~~~~~~~~~~~~~~~~~~~~~~~~~~~~~~
      |                   libdecor_frame_set_min_content_size
/home/francesco/Desktop/TheTest/build/CMakeFiles/CMakeTmp/CheckSymbolExists.c:8:19: note: each undeclared identifier is reported only once for each function it appears in
gmake[1]: *** [CMakeFiles/cmTC_c3e21.dir/build.make:78: CMakeFiles/cmTC_c3e21.dir/CheckSymbolExists.c.o] Error 1
gmake[1]: Leaving directory '/home/francesco/Desktop/TheTest/build/CMakeFiles/CMakeTmp'
gmake: *** [Makefile:127: cmTC_c3e21/fast] Error 2


File /home/francesco/Desktop/TheTest/build/CMakeFiles/CMakeTmp/CheckSymbolExists.c:
/* */
#include <libdecor.h>

int main(int argc, char** argv)
{
  (void)argv;
#ifndef libdecor_frame_get_min_content_size
  return ((int*)(&libdecor_frame_get_min_content_size))[argc];
#else
  (void)argc;
  return 0;
#endif
}
